[debug] [2021-03-06T14:00:04.401Z] ----------------------------------------------------------------------
[debug] [2021-03-06T14:00:04.450Z] Command:       C:\Program Files\nodejs\node.exe C:\Users\Murlidhar\AppData\Roaming\npm\node_modules\firebase-tools\lib\bin\firebase.js emulators:start
[debug] [2021-03-06T14:00:04.451Z] CLI Version:   9.5.0
[debug] [2021-03-06T14:00:04.451Z] Platform:      win32
[debug] [2021-03-06T14:00:04.452Z] Node Version:  v15.10.0
[debug] [2021-03-06T14:00:05.319Z] Time:          Sat Mar 06 2021 19:30:04 GMT+0530 (India Standard Time)
[debug] [2021-03-06T14:00:05.320Z] ----------------------------------------------------------------------
[debug] [2021-03-06T14:00:05.320Z] 
[debug] [2021-03-06T14:00:05.491Z] > command requires scopes: ["email","openid","https://www.googleapis.com/auth/cloudplatformprojects.readonly","https://www.googleapis.com/auth/firebase","https://www.googleapis.com/auth/cloud-platform"]
[debug] [2021-03-06T14:00:05.493Z] > authorizing via signed-in user
[info] i  emulators: Starting emulators: functions, hosting {"metadata":{"emulator":{"name":"hub"},"message":"Starting emulators: functions, hosting"}}
[debug] [2021-03-06T14:00:06.682Z] [hub] writing locator at C:\Users\MURLID~1\AppData\Local\Temp\hub-fir-8a149.json
[warn] !  functions: The following emulators are not running, calls to these services from the Functions emulator will affect production: auth, firestore, database, pubsub {"metadata":{"emulator":{"name":"functions"},"message":"The following emulators are not running, calls to these services from the Functions emulator will affect production: \u001b[1mauth, firestore, database, pubsub\u001b[22m"}}
[warn] !  Your requested "node" version "12" doesn't match your global version "15" {"metadata":{"emulator":{"name":"functions"},"message":"Your requested \"node\" version \"12\" doesn't match your global version \"15\""}}
[debug] [2021-03-06T14:00:08.054Z] defaultcredentials: writing to file C:\Users\Murlidhar\AppData\Roaming\firebase\murlidharmandke04_gmail_com_application_default_credentials.json
[debug] [2021-03-06T14:00:08.137Z] Setting GAC to C:\Users\Murlidhar\AppData\Roaming\firebase\murlidharmandke04_gmail_com_application_default_credentials.json {"metadata":{"emulator":{"name":"functions"},"message":"Setting GAC to C:\\Users\\Murlidhar\\AppData\\Roaming\\firebase\\murlidharmandke04_gmail_com_application_default_credentials.json"}}
[debug] [2021-03-06T14:00:08.145Z] > refreshing access token with scopes: []
[debug] [2021-03-06T14:00:08.148Z] >>> HTTP REQUEST POST https://www.googleapis.com/oauth2/v3/token  
 <request body omitted>
[debug] [2021-03-06T14:00:08.755Z] <<< HTTP RESPONSE 200 {"pragma":"no-cache","expires":"Mon, 01 Jan 1990 00:00:00 GMT","cache-control":"no-cache, no-store, max-age=0, must-revalidate","date":"Sat, 06 Mar 2021 14:00:07 GMT","content-type":"application/json; charset=utf-8","vary":"X-Origin, Referer, Origin,Accept-Encoding","server":"scaffolding on HTTPServer2","x-xss-protection":"0","x-frame-options":"SAMEORIGIN","x-content-type-options":"nosniff","alt-svc":"h3-29=\":443\"; ma=2592000,h3-T051=\":443\"; ma=2592000,h3-Q050=\":443\"; ma=2592000,h3-Q046=\":443\"; ma=2592000,h3-Q043=\":443\"; ma=2592000,quic=\":443\"; ma=2592000; v=\"46,43\"","accept-ranges":"none","transfer-encoding":"chunked"}
[debug] [2021-03-06T14:00:08.875Z] >>> [apiv2][query] GET https://firebase.googleapis.com/v1beta1/projects/fir-8a149/adminSdkConfig [none]
[debug] [2021-03-06T14:00:09.762Z] <<< [apiv2][status] GET https://firebase.googleapis.com/v1beta1/projects/fir-8a149/adminSdkConfig 200
[debug] [2021-03-06T14:00:09.763Z] <<< [apiv2][body] GET https://firebase.googleapis.com/v1beta1/projects/fir-8a149/adminSdkConfig {"projectId":"fir-8a149","storageBucket":"fir-8a149.appspot.com","locationId":"us-central"}
[debug] [2021-03-06T14:00:09.851Z] >>> [apiv2][query] GET https://firebase.googleapis.com/v1beta1/projects/fir-8a149/webApps/-/config [none]
[debug] [2021-03-06T14:00:11.465Z] <<< [apiv2][status] GET https://firebase.googleapis.com/v1beta1/projects/fir-8a149/webApps/-/config 200
[debug] [2021-03-06T14:00:11.465Z] <<< [apiv2][body] GET https://firebase.googleapis.com/v1beta1/projects/fir-8a149/webApps/-/config {"projectId":"fir-8a149","appId":"1:480294003974:web:c734bf0536372db60a6a87","storageBucket":"fir-8a149.appspot.com","locationId":"us-central","apiKey":"AIzaSyCzS5BI02LmWQt34kEbAs0S_3gtMs2cnWY","authDomain":"fir-8a149.firebaseapp.com","messagingSenderId":"480294003974","measurementId":"G-S1FL1G1YH7"}
[info] i  hosting: Serving hosting files from: build {"metadata":{"emulator":{"name":"hosting"},"message":"Serving hosting files from: \u001b[1mbuild\u001b[22m"}}
[info] +  hosting: Local server: http://localhost:5000 {"metadata":{"emulator":{"name":"hosting"},"message":"Local server: \u001b[4m\u001b[1mhttp://localhost:5000\u001b[22m\u001b[24m"}}
[debug] [2021-03-06T14:00:12.202Z] Ignoring unsupported arg: auto_download {"metadata":{"emulator":{"name":"ui"},"message":"Ignoring unsupported arg: auto_download"}}
[debug] [2021-03-06T14:00:12.203Z] Ignoring unsupported arg: port {"metadata":{"emulator":{"name":"ui"},"message":"Ignoring unsupported arg: port"}}
[debug] [2021-03-06T14:00:12.203Z] Starting Emulator UI with command {"binary":"node","args":["C:\\Users\\Murlidhar\\.cache\\firebase\\emulators\\ui-v1.4.2\\server.bundle.js"],"optionalArgs":[],"joinArgs":false} {"metadata":{"emulator":{"name":"ui"},"message":"Starting Emulator UI with command {\"binary\":\"node\",\"args\":[\"C:\\\\Users\\\\Murlidhar\\\\.cache\\\\firebase\\\\emulators\\\\ui-v1.4.2\\\\server.bundle.js\"],\"optionalArgs\":[],\"joinArgs\":false}"}}
[info] i  ui: Emulator UI logging to ui-debug.log {"metadata":{"emulator":{"name":"ui"},"message":"Emulator UI logging to \u001b[1mui-debug.log\u001b[22m"}}
[debug] [2021-03-06T14:00:13.203Z] Web / API server started at http://localhost:4000
 {"metadata":{"emulator":{"name":"ui"},"message":"Web / API server started at http://localhost:4000\n"}}
[info] i  functions: Watching "E:\amazon-clone\functions" for Cloud Functions... {"metadata":{"emulator":{"name":"functions"},"message":"Watching \"E:\\amazon-clone\\functions\" for Cloud Functions..."}}
[debug] [2021-03-06T14:00:13.576Z] [worker-pool] addWorker(~diagnostic~) {"metadata":{"emulator":{"name":"functions"},"message":"[worker-pool] addWorker(~diagnostic~)"}}
[debug] [2021-03-06T14:00:13.577Z] [worker-pool] Adding worker with key ~diagnostic~, total=1 {"metadata":{"emulator":{"name":"functions"},"message":"[worker-pool] Adding worker with key ~diagnostic~, total=1"}}
[debug] [2021-03-06T14:00:13.578Z] [worker-pool] submitWork(triggerId=) {"metadata":{"emulator":{"name":"functions"},"message":"[worker-pool] submitWork(triggerId=)"}}
[debug] [2021-03-06T14:00:13.579Z] [worker-~diagnostic~-9cf8eb52-e816-4af0-bb62-45ba32133dc5]: Assigning socketPath: \\?\pipe\E:\amazon-clone\functions\7768 {"metadata":{"emulator":{"name":"functions"},"message":"[worker-~diagnostic~-9cf8eb52-e816-4af0-bb62-45ba32133dc5]: Assigning socketPath: \\\\?\\pipe\\E:\\amazon-clone\\functions\\7768"}}
[debug] [2021-03-06T14:00:13.580Z] [worker-~diagnostic~-9cf8eb52-e816-4af0-bb62-45ba32133dc5]: BUSY {"metadata":{"emulator":{"name":"functions"},"message":"[worker-~diagnostic~-9cf8eb52-e816-4af0-bb62-45ba32133dc5]: BUSY"}}
[debug] [2021-03-06T14:00:17.431Z] [runtime-status] [7768] Functions runtime initialized. {"cwd":"E:\\amazon-clone\\functions","node_version":"15.10.0"} {"metadata":{"emulator":{"name":"functions"},"message":"[runtime-status] [7768] Functions runtime initialized. {\"cwd\":\"E:\\\\amazon-clone\\\\functions\",\"node_version\":\"15.10.0\"}"}}
[debug] [2021-03-06T14:00:17.434Z] [runtime-status] [7768] Disabled runtime features: undefined {"metadata":{"emulator":{"name":"functions"},"message":"[runtime-status] [7768] Disabled runtime features: undefined"}}
[debug] [2021-03-06T14:00:17.534Z] [runtime-status] [7768] Resolved module firebase-admin {"declared":true,"installed":true,"version":"9.5.0","resolution":"E:\\amazon-clone\\functions\\node_modules\\firebase-admin\\lib\\index.js"} {"metadata":{"emulator":{"name":"functions"},"message":"[runtime-status] [7768] Resolved module firebase-admin {\"declared\":true,\"installed\":true,\"version\":\"9.5.0\",\"resolution\":\"E:\\\\amazon-clone\\\\functions\\\\node_modules\\\\firebase-admin\\\\lib\\\\index.js\"}"}}
[debug] [2021-03-06T14:00:17.595Z] [runtime-status] [7768] Resolved module firebase-functions {"declared":true,"installed":true,"version":"3.13.2","resolution":"E:\\amazon-clone\\functions\\node_modules\\firebase-functions\\lib\\index.js"} {"metadata":{"emulator":{"name":"functions"},"message":"[runtime-status] [7768] Resolved module firebase-functions {\"declared\":true,\"installed\":true,\"version\":\"3.13.2\",\"resolution\":\"E:\\\\amazon-clone\\\\functions\\\\node_modules\\\\firebase-functions\\\\lib\\\\index.js\"}"}}
[debug] [2021-03-06T14:00:17.601Z] [runtime-status] [7768] Resolved module firebase-functions {"declared":true,"installed":true,"version":"3.13.2","resolution":"E:\\amazon-clone\\functions\\node_modules\\firebase-functions\\lib\\index.js"} {"metadata":{"emulator":{"name":"functions"},"message":"[runtime-status] [7768] Resolved module firebase-functions {\"declared\":true,\"installed\":true,\"version\":\"3.13.2\",\"resolution\":\"E:\\\\amazon-clone\\\\functions\\\\node_modules\\\\firebase-functions\\\\lib\\\\index.js\"}"}}
[debug] [2021-03-06T14:00:17.607Z] [runtime-status] [7768] Outgoing network have been stubbed. [{"name":"http","status":"mocked"},{"name":"http","status":"mocked"},{"name":"https","status":"mocked"},{"name":"https","status":"mocked"},{"name":"net","status":"mocked"}] {"metadata":{"emulator":{"name":"functions"},"message":"[runtime-status] [7768] Outgoing network have been stubbed. [{\"name\":\"http\",\"status\":\"mocked\"},{\"name\":\"http\",\"status\":\"mocked\"},{\"name\":\"https\",\"status\":\"mocked\"},{\"name\":\"https\",\"status\":\"mocked\"},{\"name\":\"net\",\"status\":\"mocked\"}]"}}
[debug] [2021-03-06T14:00:17.609Z] [runtime-status] [7768] Resolved module firebase-functions {"declared":true,"installed":true,"version":"3.13.2","resolution":"E:\\amazon-clone\\functions\\node_modules\\firebase-functions\\lib\\index.js"} {"metadata":{"emulator":{"name":"functions"},"message":"[runtime-status] [7768] Resolved module firebase-functions {\"declared\":true,\"installed\":true,\"version\":\"3.13.2\",\"resolution\":\"E:\\\\amazon-clone\\\\functions\\\\node_modules\\\\firebase-functions\\\\lib\\\\index.js\"}"}}
[debug] [2021-03-06T14:00:20.130Z] [runtime-status] [7768] Checked functions.config() {"config":{}} {"metadata":{"emulator":{"name":"functions"},"message":"[runtime-status] [7768] Checked functions.config() {\"config\":{}}"}}
[debug] [2021-03-06T14:00:20.131Z] [runtime-status] [7768] firebase-functions has been stubbed. {"functionsResolution":{"declared":true,"installed":true,"version":"3.13.2","resolution":"E:\\amazon-clone\\functions\\node_modules\\firebase-functions\\lib\\index.js"}} {"metadata":{"emulator":{"name":"functions"},"message":"[runtime-status] [7768] firebase-functions has been stubbed. {\"functionsResolution\":{\"declared\":true,\"installed\":true,\"version\":\"3.13.2\",\"resolution\":\"E:\\\\amazon-clone\\\\functions\\\\node_modules\\\\firebase-functions\\\\lib\\\\index.js\"}}"}}
[debug] [2021-03-06T14:00:20.133Z] [runtime-status] [7768] Resolved module firebase-functions {"declared":true,"installed":true,"version":"3.13.2","resolution":"E:\\amazon-clone\\functions\\node_modules\\firebase-functions\\lib\\index.js"} {"metadata":{"emulator":{"name":"functions"},"message":"[runtime-status] [7768] Resolved module firebase-functions {\"declared\":true,\"installed\":true,\"version\":\"3.13.2\",\"resolution\":\"E:\\\\amazon-clone\\\\functions\\\\node_modules\\\\firebase-functions\\\\lib\\\\index.js\"}"}}
[debug] [2021-03-06T14:00:20.137Z] [runtime-status] [7768] Resolved module firebase-admin {"declared":true,"installed":true,"version":"9.5.0","resolution":"E:\\amazon-clone\\functions\\node_modules\\firebase-admin\\lib\\index.js"} {"metadata":{"emulator":{"name":"functions"},"message":"[runtime-status] [7768] Resolved module firebase-admin {\"declared\":true,\"installed\":true,\"version\":\"9.5.0\",\"resolution\":\"E:\\\\amazon-clone\\\\functions\\\\node_modules\\\\firebase-admin\\\\lib\\\\index.js\"}"}}
[debug] [2021-03-06T14:00:20.141Z] [runtime-status] [7768] Resolved module firebase-functions {"declared":true,"installed":true,"version":"3.13.2","resolution":"E:\\amazon-clone\\functions\\node_modules\\firebase-functions\\lib\\index.js"} {"metadata":{"emulator":{"name":"functions"},"message":"[runtime-status] [7768] Resolved module firebase-functions {\"declared\":true,\"installed\":true,\"version\":\"3.13.2\",\"resolution\":\"E:\\\\amazon-clone\\\\functions\\\\node_modules\\\\firebase-functions\\\\lib\\\\index.js\"}"}}
[debug] [2021-03-06T14:00:20.142Z] [runtime-status] [7768] firebase-admin has been stubbed. {"adminResolution":{"declared":true,"installed":true,"version":"9.5.0","resolution":"E:\\amazon-clone\\functions\\node_modules\\firebase-admin\\lib\\index.js"}} {"metadata":{"emulator":{"name":"functions"},"message":"[runtime-status] [7768] firebase-admin has been stubbed. {\"adminResolution\":{\"declared\":true,\"installed\":true,\"version\":\"9.5.0\",\"resolution\":\"E:\\\\amazon-clone\\\\functions\\\\node_modules\\\\firebase-admin\\\\lib\\\\index.js\"}}"}}
[info] +  functions[api]: http function initialized (http://localhost:5001/fir-8a149/us-central1/api). {"metadata":{"emulator":{"name":"functions"},"message":"\u001b[1mhttp\u001b[22m function initialized (http://localhost:5001/fir-8a149/us-central1/api)."}}
[info] 
┌─────────────────────────────────────────────────────────────┐
│ ✔  All emulators ready! It is now safe to connect your app. │
│ i  View Emulator UI at http://localhost:4000                │
└─────────────────────────────────────────────────────────────┘

┌───────────┬────────────────┬─────────────────────────────────┐
│ Emulator  │ Host:Port      │ View in Emulator UI             │
├───────────┼────────────────┼─────────────────────────────────┤
│ Functions │ localhost:5001 │ http://localhost:4000/functions │
├───────────┼────────────────┼─────────────────────────────────┤
│ Hosting   │ localhost:5000 │ n/a                             │
└───────────┴────────────────┴─────────────────────────────────┘
  Emulator Hub running at localhost:4400
  Other reserved ports: 4500

Issues? Report them at https://github.com/firebase/firebase-tools/issues and attach the *-debug.log files.
 
[debug] [2021-03-06T14:00:35.202Z] [worker-~diagnostic~-9cf8eb52-e816-4af0-bb62-45ba32133dc5]: IDLE {"metadata":{"emulator":{"name":"functions"},"message":"[worker-~diagnostic~-9cf8eb52-e816-4af0-bb62-45ba32133dc5]: IDLE"}}
